0 info it worked if it ends with ok
1 verbose cli [ 'node', '/Users/andreypopp/.npm/bin/npm', 'install' ]
2 info using npm@1.1.48
3 info using node@v0.8.18
4 verbose node symlink /usr/local/bin/node
5 verbose config file /Users/andreypopp/.npmrc
6 verbose config file /usr/local/etc/npmrc
7 verbose config file /Users/andreypopp/.npm/lib/node_modules/npm/npmrc
8 verbose read json /Users/andreypopp/Workspace/songlocator/songlocator-api/package.json
9 verbose readDependencies using package.json deps
10 verbose install where, deps [ '/Users/andreypopp/Workspace/songlocator/songlocator-api',
10 verbose install   [ 'ws', 'node-uuid', 'songlocator-base', 'songlocator-cli' ] ]
11 verbose from cache /Users/andreypopp/Workspace/songlocator/songlocator-api/package.json
12 info preinstall songlocator-api@0.1.0
13 verbose from cache /Users/andreypopp/Workspace/songlocator/songlocator-api/package.json
14 verbose readDependencies using package.json deps
15 verbose cache add [ 'ws@~0.4.0', null ]
16 silly cache add name=undefined spec="ws@~0.4.0" args=["ws@~0.4.0",null]
17 verbose parsed url { pathname: 'ws@~0.4.0', path: 'ws@~0.4.0', href: 'ws@~0.4.0' }
18 silly cache add name="ws" spec="~0.4.0" args=["ws","~0.4.0"]
19 verbose parsed url { pathname: '~0.4.0', path: '~0.4.0', href: '~0.4.0' }
20 verbose addNamed [ 'ws', '~0.4.0' ]
21 verbose addNamed [ null, '>=0.4.0- <0.5.0-' ]
22 verbose cache add [ 'node-uuid@~1.4.0', null ]
23 silly cache add name=undefined spec="node-uuid@~1.4.0" args=["node-uuid@~1.4.0",null]
24 verbose parsed url { pathname: 'node-uuid@~1.4.0',
24 verbose parsed url   path: 'node-uuid@~1.4.0',
24 verbose parsed url   href: 'node-uuid@~1.4.0' }
25 silly cache add name="node-uuid" spec="~1.4.0" args=["node-uuid","~1.4.0"]
26 verbose parsed url { pathname: '~1.4.0', path: '~1.4.0', href: '~1.4.0' }
27 verbose addNamed [ 'node-uuid', '~1.4.0' ]
28 verbose addNamed [ null, '>=1.4.0- <1.5.0-' ]
29 verbose cache add [ 'songlocator-base@~0.1.2', null ]
30 silly cache add name=undefined spec="songlocator-base@~0.1.2" args=["songlocator-base@~0.1.2",null]
31 verbose parsed url { pathname: 'songlocator-base@~0.1.2',
31 verbose parsed url   path: 'songlocator-base@~0.1.2',
31 verbose parsed url   href: 'songlocator-base@~0.1.2' }
32 silly cache add name="songlocator-base" spec="~0.1.2" args=["songlocator-base","~0.1.2"]
33 verbose parsed url { pathname: '~0.1.2', path: '~0.1.2', href: '~0.1.2' }
34 verbose addNamed [ 'songlocator-base', '~0.1.2' ]
35 verbose addNamed [ null, '>=0.1.2- <0.2.0-' ]
36 silly lockFile e8ee21cc-ws-0-4-0 ws@~0.4.0
37 verbose lock ws@~0.4.0 /Users/andreypopp/.npm/e8ee21cc-ws-0-4-0.lock
38 silly lockFile f662725f-node-uuid-1-4-0 node-uuid@~1.4.0
39 verbose lock node-uuid@~1.4.0 /Users/andreypopp/.npm/f662725f-node-uuid-1-4-0.lock
40 silly lockFile 1f4680d5-songlocator-base-0-1-2 songlocator-base@~0.1.2
41 verbose lock songlocator-base@~0.1.2 /Users/andreypopp/.npm/1f4680d5-songlocator-base-0-1-2.lock
42 silly addNameRange { name: 'ws', range: '>=0.4.0- <0.5.0-', hasData: false }
43 silly addNameRange { name: 'node-uuid', range: '>=1.4.0- <1.5.0-', hasData: false }
44 silly addNameRange { name: 'songlocator-base',
44 silly addNameRange   range: '>=0.1.2- <0.2.0-',
44 silly addNameRange   hasData: false }
45 verbose url raw ws
46 verbose url resolving [ 'https://registry.npmjs.org/', './ws' ]
47 verbose url resolved https://registry.npmjs.org/ws
48 info retry registry request attempt 1 at 23:53:53
49 verbose etag "1MBB9PJCESVAT5W0WBOV1C1W7"
50 http GET https://registry.npmjs.org/ws
51 verbose url raw node-uuid
52 verbose url resolving [ 'https://registry.npmjs.org/', './node-uuid' ]
53 verbose url resolved https://registry.npmjs.org/node-uuid
54 info retry registry request attempt 1 at 23:53:53
55 verbose etag "51E0TZTQAI520ZOXN9PSYZU94"
56 http GET https://registry.npmjs.org/node-uuid
57 verbose url raw songlocator-base
58 verbose url resolving [ 'https://registry.npmjs.org/', './songlocator-base' ]
59 verbose url resolved https://registry.npmjs.org/songlocator-base
60 info retry registry request attempt 1 at 23:53:53
61 verbose etag "B08V3VUUU5XFKZ8MAJXU8CAPG"
62 http GET https://registry.npmjs.org/songlocator-base
63 verbose cache add [ 'songlocator-cli@~0.1.0', null ]
64 silly cache add name=undefined spec="songlocator-cli@~0.1.0" args=["songlocator-cli@~0.1.0",null]
65 verbose parsed url { pathname: 'songlocator-cli@~0.1.0',
65 verbose parsed url   path: 'songlocator-cli@~0.1.0',
65 verbose parsed url   href: 'songlocator-cli@~0.1.0' }
66 silly cache add name="songlocator-cli" spec="~0.1.0" args=["songlocator-cli","~0.1.0"]
67 verbose parsed url { pathname: '~0.1.0', path: '~0.1.0', href: '~0.1.0' }
68 verbose addNamed [ 'songlocator-cli', '~0.1.0' ]
69 verbose addNamed [ null, '>=0.1.0- <0.2.0-' ]
70 silly lockFile 89d7c65a-songlocator-cli-0-1-0 songlocator-cli@~0.1.0
71 verbose lock songlocator-cli@~0.1.0 /Users/andreypopp/.npm/89d7c65a-songlocator-cli-0-1-0.lock
72 silly addNameRange { name: 'songlocator-cli',
72 silly addNameRange   range: '>=0.1.0- <0.2.0-',
72 silly addNameRange   hasData: false }
73 verbose url raw songlocator-cli
74 verbose url resolving [ 'https://registry.npmjs.org/', './songlocator-cli' ]
75 verbose url resolved https://registry.npmjs.org/songlocator-cli
76 info retry registry request attempt 1 at 23:53:53
77 http GET https://registry.npmjs.org/songlocator-cli
78 http 404 https://registry.npmjs.org/songlocator-cli
79 silly registry.get cb [ 404,
79 silly registry.get   { server: 'CouchDB/1.2.1 (Erlang OTP/R15B03)',
79 silly registry.get     date: 'Sun, 10 Mar 2013 19:53:55 GMT',
79 silly registry.get     'content-type': 'application/json',
79 silly registry.get     'content-length': '52',
79 silly registry.get     'cache-control': 'must-revalidate' } ]
80 silly lockFile 89d7c65a-songlocator-cli-0-1-0 songlocator-cli@~0.1.0
81 error 404 'songlocator-cli' is not in the npm registry.
81 error 404 You should bug the author to publish it
81 error 404
81 error 404 Note that you can also install from a
81 error 404 tarball, folder, or http url, or git url.
82 error System Darwin 12.2.1
83 error command "node" "/Users/andreypopp/.npm/bin/npm" "install"
84 error cwd /Users/andreypopp/Workspace/songlocator/songlocator-api
85 error node -v v0.8.18
86 error npm -v 1.1.48
87 error code E404
88 verbose exit [ 1, true ]
